running develop
running egg_info
creating dyno_bot.egg-info
writing dyno_bot.egg-info/PKG-INFO
writing dependency_links to dyno_bot.egg-info/dependency_links.txt
writing entry points to dyno_bot.egg-info/entry_points.txt
writing requirements to dyno_bot.egg-info/requires.txt
writing top-level names to dyno_bot.egg-info/top_level.txt
writing manifest file 'dyno_bot.egg-info/SOURCES.txt'
reading manifest file 'dyno_bot.egg-info/SOURCES.txt'
writing manifest file 'dyno_bot.egg-info/SOURCES.txt'
running build_ext
Creating /home/swaraj/dynamic_robot/install/dyno_bot/lib/python3.10/site-packages/dyno-bot.egg-link (link to .)
Installing go_to_goal script to /home/swaraj/dynamic_robot/install/dyno_bot/lib/dyno_bot
Installing random_mover script to /home/swaraj/dynamic_robot/install/dyno_bot/lib/dyno_bot
Installing stc_controller script to /home/swaraj/dynamic_robot/install/dyno_bot/lib/dyno_bot

Installed /home/swaraj/dynamic_robot/build/dyno_bot
running symlink_data
creating /home/swaraj/dynamic_robot/install/dyno_bot/share/ament_index
creating /home/swaraj/dynamic_robot/install/dyno_bot/share/ament_index/resource_index
creating /home/swaraj/dynamic_robot/install/dyno_bot/share/ament_index/resource_index/packages
symbolically linking /home/swaraj/dynamic_robot/build/dyno_bot/resource/dyno_bot -> /home/swaraj/dynamic_robot/install/dyno_bot/share/ament_index/resource_index/packages
symbolically linking /home/swaraj/dynamic_robot/build/dyno_bot/package.xml -> /home/swaraj/dynamic_robot/install/dyno_bot/share/dyno_bot
creating /home/swaraj/dynamic_robot/install/dyno_bot/share/dyno_bot/worlds
symbolically linking /home/swaraj/dynamic_robot/build/dyno_bot/worlds/square_platform.world -> /home/swaraj/dynamic_robot/install/dyno_bot/share/dyno_bot/worlds
creating /home/swaraj/dynamic_robot/install/dyno_bot/share/dyno_bot/launch
symbolically linking /home/swaraj/dynamic_robot/build/dyno_bot/launch/dyno_bot_launch.py -> /home/swaraj/dynamic_robot/install/dyno_bot/share/dyno_bot/launch
