[0.347s] Invoking command in '/home/swaraj/dynamic_robot/build/dyno_bot': PYTHONPATH=/home/swaraj/dynamic_robot/build/dyno_bot/prefix_override:/usr/lib/python3/dist-packages/colcon_core/task/python/colcon_distutils_commands:/home/swaraj/dynamic_robot/install/dyno_bot/lib/python3.10/site-packages:${PYTHONPATH} /usr/bin/python3 -W ignore:setup.py install is deprecated -W ignore:easy_install command is deprecated setup.py develop --editable --build-directory /home/swaraj/dynamic_robot/build/dyno_bot/build --no-deps symlink_data
[0.491s] running develop
[0.564s] running egg_info
[0.564s] creating dyno_bot.egg-info
[0.564s] writing dyno_bot.egg-info/PKG-INFO
[0.564s] writing dependency_links to dyno_bot.egg-info/dependency_links.txt
[0.564s] writing entry points to dyno_bot.egg-info/entry_points.txt
[0.564s] writing requirements to dyno_bot.egg-info/requires.txt
[0.564s] writing top-level names to dyno_bot.egg-info/top_level.txt
[0.564s] writing manifest file 'dyno_bot.egg-info/SOURCES.txt'
[0.565s] reading manifest file 'dyno_bot.egg-info/SOURCES.txt'
[0.565s] writing manifest file 'dyno_bot.egg-info/SOURCES.txt'
[0.566s] running build_ext
[0.566s] Creating /home/swaraj/dynamic_robot/install/dyno_bot/lib/python3.10/site-packages/dyno-bot.egg-link (link to .)
[0.567s] Installing go_to_goal script to /home/swaraj/dynamic_robot/install/dyno_bot/lib/dyno_bot
[0.567s] Installing random_mover script to /home/swaraj/dynamic_robot/install/dyno_bot/lib/dyno_bot
[0.567s] Installing stc_controller script to /home/swaraj/dynamic_robot/install/dyno_bot/lib/dyno_bot
[0.567s] 
[0.567s] Installed /home/swaraj/dynamic_robot/build/dyno_bot
[0.567s] running symlink_data
[0.567s] creating /home/swaraj/dynamic_robot/install/dyno_bot/share/ament_index
[0.567s] creating /home/swaraj/dynamic_robot/install/dyno_bot/share/ament_index/resource_index
[0.567s] creating /home/swaraj/dynamic_robot/install/dyno_bot/share/ament_index/resource_index/packages
[0.567s] symbolically linking /home/swaraj/dynamic_robot/build/dyno_bot/resource/dyno_bot -> /home/swaraj/dynamic_robot/install/dyno_bot/share/ament_index/resource_index/packages
[0.567s] symbolically linking /home/swaraj/dynamic_robot/build/dyno_bot/package.xml -> /home/swaraj/dynamic_robot/install/dyno_bot/share/dyno_bot
[0.567s] creating /home/swaraj/dynamic_robot/install/dyno_bot/share/dyno_bot/worlds
[0.567s] symbolically linking /home/swaraj/dynamic_robot/build/dyno_bot/worlds/square_platform.world -> /home/swaraj/dynamic_robot/install/dyno_bot/share/dyno_bot/worlds
[0.567s] creating /home/swaraj/dynamic_robot/install/dyno_bot/share/dyno_bot/launch
[0.567s] symbolically linking /home/swaraj/dynamic_robot/build/dyno_bot/launch/dyno_bot_launch.py -> /home/swaraj/dynamic_robot/install/dyno_bot/share/dyno_bot/launch
[0.582s] Invoked command in '/home/swaraj/dynamic_robot/build/dyno_bot' returned '0': PYTHONPATH=/home/swaraj/dynamic_robot/build/dyno_bot/prefix_override:/usr/lib/python3/dist-packages/colcon_core/task/python/colcon_distutils_commands:/home/swaraj/dynamic_robot/install/dyno_bot/lib/python3.10/site-packages:${PYTHONPATH} /usr/bin/python3 -W ignore:setup.py install is deprecated -W ignore:easy_install command is deprecated setup.py develop --editable --build-directory /home/swaraj/dynamic_robot/build/dyno_bot/build --no-deps symlink_data
