[0.340s] Invoking command in '/home/swaraj/dynamic_robot/build/dyno_bot': PYTHONPATH=/home/swaraj/dynamic_robot/build/dyno_bot/prefix_override:/usr/lib/python3/dist-packages/colcon_core/task/python/colcon_distutils_commands:/home/swaraj/dynamic_robot/install/dyno_bot/lib/python3.10/site-packages:${PYTHONPATH} /usr/bin/python3 -W ignore:setup.py install is deprecated -W ignore:easy_install command is deprecated setup.py develop --editable --build-directory /home/swaraj/dynamic_robot/build/dyno_bot/build --no-deps symlink_data
[0.461s] running develop
[0.532s] running egg_info
[0.532s] writing dyno_bot.egg-info/PKG-INFO
[0.532s] writing dependency_links to dyno_bot.egg-info/dependency_links.txt
[0.532s] writing entry points to dyno_bot.egg-info/entry_points.txt
[0.533s] writing requirements to dyno_bot.egg-info/requires.txt
[0.533s] writing top-level names to dyno_bot.egg-info/top_level.txt
[0.533s] reading manifest file 'dyno_bot.egg-info/SOURCES.txt'
[0.534s] writing manifest file 'dyno_bot.egg-info/SOURCES.txt'
[0.534s] running build_ext
[0.534s] Creating /home/swaraj/dynamic_robot/install/dyno_bot/lib/python3.10/site-packages/dyno-bot.egg-link (link to .)
[0.535s] Installing coverage_visualizer script to /home/swaraj/dynamic_robot/install/dyno_bot/lib/dyno_bot
[0.535s] Installing go_to_goal script to /home/swaraj/dynamic_robot/install/dyno_bot/lib/dyno_bot
[0.535s] Installing random_mover script to /home/swaraj/dynamic_robot/install/dyno_bot/lib/dyno_bot
[0.535s] Installing stc_controller script to /home/swaraj/dynamic_robot/install/dyno_bot/lib/dyno_bot
[0.535s] 
[0.535s] Installed /home/swaraj/dynamic_robot/build/dyno_bot
[0.535s] running symlink_data
[0.549s] Invoked command in '/home/swaraj/dynamic_robot/build/dyno_bot' returned '0': PYTHONPATH=/home/swaraj/dynamic_robot/build/dyno_bot/prefix_override:/usr/lib/python3/dist-packages/colcon_core/task/python/colcon_distutils_commands:/home/swaraj/dynamic_robot/install/dyno_bot/lib/python3.10/site-packages:${PYTHONPATH} /usr/bin/python3 -W ignore:setup.py install is deprecated -W ignore:easy_install command is deprecated setup.py develop --editable --build-directory /home/swaraj/dynamic_robot/build/dyno_bot/build --no-deps symlink_data
